<?xml version="1.0" encoding="UTF-8"?>
<!-- Generated by org.testng.reporters.JUnitReportReporter -->
<testsuite skipped="0" hostname="LAPTOP-KAQJQP02" name="tests.SR_12130" tests="2" failures="0" timestamp="2022-12-21T02:20:49 PST" time="26.779" errors="0">
  <testcase name="testListCart" time="24.945" classname="tests.SR_12130"/>
  <system-out/>
  <testcase name="testFinishPurchase" time="1.834" classname="tests.SR_12130"/>
  <system-out/>
</testsuite> <!-- tests.SR_12130 -->
