<?xml version="1.0" encoding="UTF-8"?>
<!-- Generated by org.testng.reporters.JUnitReportReporter -->
<testsuite skipped="0" hostname="LAPTOP-KAQJQP02" name="tests.SR_12111" tests="1" failures="0" timestamp="2022-12-21T02:20:49 PST" time="0.743" errors="0">
  <testcase name="testCategories" time="0.743" classname="tests.SR_12111"/>
  <system-out/>
</testsuite> <!-- tests.SR_12111 -->
