<?xml version="1.0" encoding="UTF-8"?>
<!-- Generated by org.testng.reporters.JUnitReportReporter -->
<testsuite skipped="0" hostname="LAPTOP-KAQJQP02" name="tests.SR_12120" tests="1" failures="0" timestamp="2022-12-21T02:20:49 PST" time="1.269" errors="0">
  <testcase name="testProductDetails" time="1.269" classname="tests.SR_12120"/>
  <system-out/>
</testsuite> <!-- tests.SR_12120 -->
